[0.324s] Invoking command in '/home/phoenixautonomy/ros2_ws/build/navigation_pkg': DEBUGINFOD_URLS=https://debuginfod.ubuntu.com PYTHONPATH=/home/phoenixautonomy/ros2_ws/build/navigation_pkg/prefix_override:/usr/lib/python3/dist-packages/colcon_core/task/python/colcon_distutils_commands:/home/phoenixautonomy/ros2_ws/install/navigation_pkg/lib/python3.12/site-packages: /usr/bin/python3 -W ignore:setup.py install is deprecated -W ignore:easy_install command is deprecated setup.py develop --editable --build-directory /home/phoenixautonomy/ros2_ws/build/navigation_pkg/build --no-deps symlink_data
[0.456s] running develop
[0.522s] running egg_info
[0.522s] creating navigation_pkg.egg-info
[0.528s] writing navigation_pkg.egg-info/PKG-INFO
[0.528s] writing dependency_links to navigation_pkg.egg-info/dependency_links.txt
[0.528s] writing entry points to navigation_pkg.egg-info/entry_points.txt
[0.528s] writing requirements to navigation_pkg.egg-info/requires.txt
[0.529s] writing top-level names to navigation_pkg.egg-info/top_level.txt
[0.529s] writing manifest file 'navigation_pkg.egg-info/SOURCES.txt'
[0.541s] reading manifest file 'navigation_pkg.egg-info/SOURCES.txt'
[0.542s] writing manifest file 'navigation_pkg.egg-info/SOURCES.txt'
[0.549s] running build_ext
[0.549s] Creating /home/phoenixautonomy/ros2_ws/install/navigation_pkg/lib/python3.12/site-packages/navigation-pkg.egg-link (link to .)
[0.549s] Installing navigator_node script to /home/phoenixautonomy/ros2_ws/install/navigation_pkg/lib/navigation_pkg
[0.549s] 
[0.549s] Installed /home/phoenixautonomy/ros2_ws/build/navigation_pkg
[0.549s] running symlink_data
[0.550s] creating /home/phoenixautonomy/ros2_ws/install/navigation_pkg/share/ament_index
[0.550s] creating /home/phoenixautonomy/ros2_ws/install/navigation_pkg/share/ament_index/resource_index
[0.550s] creating /home/phoenixautonomy/ros2_ws/install/navigation_pkg/share/ament_index/resource_index/packages
[0.550s] symbolically linking /home/phoenixautonomy/ros2_ws/build/navigation_pkg/resource/navigation_pkg -> /home/phoenixautonomy/ros2_ws/install/navigation_pkg/share/ament_index/resource_index/packages
[0.550s] symbolically linking /home/phoenixautonomy/ros2_ws/build/navigation_pkg/package.xml -> /home/phoenixautonomy/ros2_ws/install/navigation_pkg/share/navigation_pkg
[0.563s] Invoked command in '/home/phoenixautonomy/ros2_ws/build/navigation_pkg' returned '0': DEBUGINFOD_URLS=https://debuginfod.ubuntu.com PYTHONPATH=/home/phoenixautonomy/ros2_ws/build/navigation_pkg/prefix_override:/usr/lib/python3/dist-packages/colcon_core/task/python/colcon_distutils_commands:/home/phoenixautonomy/ros2_ws/install/navigation_pkg/lib/python3.12/site-packages: /usr/bin/python3 -W ignore:setup.py install is deprecated -W ignore:easy_install command is deprecated setup.py develop --editable --build-directory /home/phoenixautonomy/ros2_ws/build/navigation_pkg/build --no-deps symlink_data
