[0.044s] DEBUG:colcon:Command line arguments: ['/usr/bin/colcon', 'build', '--packages-select', 'navigation_pkg', '--symlink-install']
[0.044s] DEBUG:colcon:Parsed command line arguments: Namespace(log_base=None, log_level=None, verb_name='build', build_base='build', install_base='install', merge_install=False, symlink_install=True, test_result_base=None, continue_on_error=False, executor='parallel', parallel_workers=24, event_handlers=None, ignore_user_meta=False, metas=['./colcon.meta'], base_paths=['.'], packages_ignore=None, packages_ignore_regex=None, paths=None, packages_up_to=None, packages_up_to_regex=None, packages_above=None, packages_above_and_dependencies=None, packages_above_depth=None, packages_select_by_dep=None, packages_skip_by_dep=None, packages_skip_up_to=None, packages_select_build_failed=False, packages_skip_build_finished=False, packages_select_test_failures=False, packages_skip_test_passed=False, packages_select=['navigation_pkg'], packages_skip=None, packages_select_regex=None, packages_skip_regex=None, packages_start=None, packages_end=None, allow_overriding=[], cmake_args=None, cmake_target=None, cmake_target_skip_unavailable=False, cmake_clean_cache=False, cmake_clean_first=False, cmake_force_configure=False, ament_cmake_args=None, catkin_cmake_args=None, catkin_skip_building_tests=False, verb_parser=<colcon_defaults.argument_parser.defaults.DefaultArgumentsDecorator object at 0x70dcc386d670>, verb_extension=<colcon_core.verb.build.BuildVerb object at 0x70dcc386d460>, main=<bound method BuildVerb.main of <colcon_core.verb.build.BuildVerb object at 0x70dcc386d460>>)
[0.061s] Level 1:colcon.colcon_core.package_discovery:discover_packages(colcon_meta) check parameters
[0.061s] Level 1:colcon.colcon_core.package_discovery:discover_packages(recursive) check parameters
[0.061s] Level 1:colcon.colcon_core.package_discovery:discover_packages(ignore) check parameters
[0.062s] Level 1:colcon.colcon_core.package_discovery:discover_packages(path) check parameters
[0.062s] Level 1:colcon.colcon_core.package_discovery:discover_packages(colcon_meta) discover
[0.062s] Level 1:colcon.colcon_core.package_discovery:discover_packages(recursive) discover
[0.062s] INFO:colcon.colcon_core.package_discovery:Crawling recursively for packages in '/home/phoenixautonomy/ros2_ws'
[0.062s] Level 1:colcon.colcon_core.package_identification:_identify(.) by extensions ['ignore', 'ignore_ament_install']
[0.062s] Level 1:colcon.colcon_core.package_identification:_identify(.) by extension 'ignore'
[0.062s] Level 1:colcon.colcon_core.package_identification:_identify(.) by extension 'ignore_ament_install'
[0.062s] Level 1:colcon.colcon_core.package_identification:_identify(.) by extensions ['colcon_pkg']
[0.062s] Level 1:colcon.colcon_core.package_identification:_identify(.) by extension 'colcon_pkg'
[0.062s] Level 1:colcon.colcon_core.package_identification:_identify(.) by extensions ['colcon_meta']
[0.062s] Level 1:colcon.colcon_core.package_identification:_identify(.) by extension 'colcon_meta'
[0.062s] Level 1:colcon.colcon_core.package_identification:_identify(.) by extensions ['ros']
[0.062s] Level 1:colcon.colcon_core.package_identification:_identify(.) by extension 'ros'
[0.074s] Level 1:colcon.colcon_core.package_identification:_identify(.) by extensions ['cmake', 'python']
[0.074s] Level 1:colcon.colcon_core.package_identification:_identify(.) by extension 'cmake'
[0.074s] Level 1:colcon.colcon_core.package_identification:_identify(.) by extension 'python'
[0.074s] Level 1:colcon.colcon_core.package_identification:_identify(.) by extensions ['python_setup_py']
[0.074s] Level 1:colcon.colcon_core.package_identification:_identify(.) by extension 'python_setup_py'
[0.074s] Level 1:colcon.colcon_core.package_identification:_identify(boat_data) by extensions ['ignore', 'ignore_ament_install']
[0.074s] Level 1:colcon.colcon_core.package_identification:_identify(boat_data) by extension 'ignore'
[0.074s] Level 1:colcon.colcon_core.package_identification:_identify(boat_data) by extension 'ignore_ament_install'
[0.074s] Level 1:colcon.colcon_core.package_identification:_identify(boat_data) by extensions ['colcon_pkg']
[0.074s] Level 1:colcon.colcon_core.package_identification:_identify(boat_data) by extension 'colcon_pkg'
[0.074s] Level 1:colcon.colcon_core.package_identification:_identify(boat_data) by extensions ['colcon_meta']
[0.074s] Level 1:colcon.colcon_core.package_identification:_identify(boat_data) by extension 'colcon_meta'
[0.074s] Level 1:colcon.colcon_core.package_identification:_identify(boat_data) by extensions ['ros']
[0.074s] Level 1:colcon.colcon_core.package_identification:_identify(boat_data) by extension 'ros'
[0.074s] Level 1:colcon.colcon_core.package_identification:_identify(boat_data) by extensions ['cmake', 'python']
[0.074s] Level 1:colcon.colcon_core.package_identification:_identify(boat_data) by extension 'cmake'
[0.074s] Level 1:colcon.colcon_core.package_identification:_identify(boat_data) by extension 'python'
[0.074s] Level 1:colcon.colcon_core.package_identification:_identify(boat_data) by extensions ['python_setup_py']
[0.074s] Level 1:colcon.colcon_core.package_identification:_identify(boat_data) by extension 'python_setup_py'
[0.074s] Level 1:colcon.colcon_core.package_identification:_identify(build) by extensions ['ignore', 'ignore_ament_install']
[0.074s] Level 1:colcon.colcon_core.package_identification:_identify(build) by extension 'ignore'
[0.074s] Level 1:colcon.colcon_core.package_identification:_identify(build) ignored
[0.074s] Level 1:colcon.colcon_core.package_identification:_identify(install) by extensions ['ignore', 'ignore_ament_install']
[0.074s] Level 1:colcon.colcon_core.package_identification:_identify(install) by extension 'ignore'
[0.074s] Level 1:colcon.colcon_core.package_identification:_identify(install) ignored
[0.074s] Level 1:colcon.colcon_core.package_identification:_identify(log) by extensions ['ignore', 'ignore_ament_install']
[0.074s] Level 1:colcon.colcon_core.package_identification:_identify(log) by extension 'ignore'
[0.074s] Level 1:colcon.colcon_core.package_identification:_identify(log) ignored
[0.074s] Level 1:colcon.colcon_core.package_identification:_identify(navigation_pkg) by extensions ['ignore', 'ignore_ament_install']
[0.074s] Level 1:colcon.colcon_core.package_identification:_identify(navigation_pkg) by extension 'ignore'
[0.074s] Level 1:colcon.colcon_core.package_identification:_identify(navigation_pkg) by extension 'ignore_ament_install'
[0.074s] Level 1:colcon.colcon_core.package_identification:_identify(navigation_pkg) by extensions ['colcon_pkg']
[0.074s] Level 1:colcon.colcon_core.package_identification:_identify(navigation_pkg) by extension 'colcon_pkg'
[0.074s] Level 1:colcon.colcon_core.package_identification:_identify(navigation_pkg) by extensions ['colcon_meta']
[0.074s] Level 1:colcon.colcon_core.package_identification:_identify(navigation_pkg) by extension 'colcon_meta'
[0.075s] Level 1:colcon.colcon_core.package_identification:_identify(navigation_pkg) by extensions ['ros']
[0.075s] Level 1:colcon.colcon_core.package_identification:_identify(navigation_pkg) by extension 'ros'
[0.076s] DEBUG:colcon.colcon_core.package_identification:Package 'navigation_pkg' with type 'ros.ament_python' and name 'navigation_pkg'
[0.076s] Level 1:colcon.colcon_core.package_identification:_identify(roboboat_logs) by extensions ['ignore', 'ignore_ament_install']
[0.076s] Level 1:colcon.colcon_core.package_identification:_identify(roboboat_logs) by extension 'ignore'
[0.076s] Level 1:colcon.colcon_core.package_identification:_identify(roboboat_logs) by extension 'ignore_ament_install'
[0.076s] Level 1:colcon.colcon_core.package_identification:_identify(roboboat_logs) by extensions ['colcon_pkg']
[0.076s] Level 1:colcon.colcon_core.package_identification:_identify(roboboat_logs) by extension 'colcon_pkg'
[0.076s] Level 1:colcon.colcon_core.package_identification:_identify(roboboat_logs) by extensions ['colcon_meta']
[0.076s] Level 1:colcon.colcon_core.package_identification:_identify(roboboat_logs) by extension 'colcon_meta'
[0.076s] Level 1:colcon.colcon_core.package_identification:_identify(roboboat_logs) by extensions ['ros']
[0.076s] Level 1:colcon.colcon_core.package_identification:_identify(roboboat_logs) by extension 'ros'
[0.076s] Level 1:colcon.colcon_core.package_identification:_identify(roboboat_logs) by extensions ['cmake', 'python']
[0.076s] Level 1:colcon.colcon_core.package_identification:_identify(roboboat_logs) by extension 'cmake'
[0.076s] Level 1:colcon.colcon_core.package_identification:_identify(roboboat_logs) by extension 'python'
[0.076s] Level 1:colcon.colcon_core.package_identification:_identify(roboboat_logs) by extensions ['python_setup_py']
[0.076s] Level 1:colcon.colcon_core.package_identification:_identify(roboboat_logs) by extension 'python_setup_py'
[0.076s] Level 1:colcon.colcon_core.package_identification:_identify(roboboat_logs/pcd_files) by extensions ['ignore', 'ignore_ament_install']
[0.076s] Level 1:colcon.colcon_core.package_identification:_identify(roboboat_logs/pcd_files) by extension 'ignore'
[0.076s] Level 1:colcon.colcon_core.package_identification:_identify(roboboat_logs/pcd_files) by extension 'ignore_ament_install'
[0.076s] Level 1:colcon.colcon_core.package_identification:_identify(roboboat_logs/pcd_files) by extensions ['colcon_pkg']
[0.076s] Level 1:colcon.colcon_core.package_identification:_identify(roboboat_logs/pcd_files) by extension 'colcon_pkg'
[0.076s] Level 1:colcon.colcon_core.package_identification:_identify(roboboat_logs/pcd_files) by extensions ['colcon_meta']
[0.076s] Level 1:colcon.colcon_core.package_identification:_identify(roboboat_logs/pcd_files) by extension 'colcon_meta'
[0.076s] Level 1:colcon.colcon_core.package_identification:_identify(roboboat_logs/pcd_files) by extensions ['ros']
[0.076s] Level 1:colcon.colcon_core.package_identification:_identify(roboboat_logs/pcd_files) by extension 'ros'
[0.076s] Level 1:colcon.colcon_core.package_identification:_identify(roboboat_logs/pcd_files) by extensions ['cmake', 'python']
[0.076s] Level 1:colcon.colcon_core.package_identification:_identify(roboboat_logs/pcd_files) by extension 'cmake'
[0.076s] Level 1:colcon.colcon_core.package_identification:_identify(roboboat_logs/pcd_files) by extension 'python'
[0.076s] Level 1:colcon.colcon_core.package_identification:_identify(roboboat_logs/pcd_files) by extensions ['python_setup_py']
[0.076s] Level 1:colcon.colcon_core.package_identification:_identify(roboboat_logs/pcd_files) by extension 'python_setup_py'
[0.076s] Level 1:colcon.colcon_core.package_identification:_identify(sam-cpu-lidar-branch) by extensions ['ignore', 'ignore_ament_install']
[0.076s] Level 1:colcon.colcon_core.package_identification:_identify(sam-cpu-lidar-branch) by extension 'ignore'
[0.076s] Level 1:colcon.colcon_core.package_identification:_identify(sam-cpu-lidar-branch) by extension 'ignore_ament_install'
[0.076s] Level 1:colcon.colcon_core.package_identification:_identify(sam-cpu-lidar-branch) by extensions ['colcon_pkg']
[0.076s] Level 1:colcon.colcon_core.package_identification:_identify(sam-cpu-lidar-branch) by extension 'colcon_pkg'
[0.076s] Level 1:colcon.colcon_core.package_identification:_identify(sam-cpu-lidar-branch) by extensions ['colcon_meta']
[0.076s] Level 1:colcon.colcon_core.package_identification:_identify(sam-cpu-lidar-branch) by extension 'colcon_meta'
[0.076s] Level 1:colcon.colcon_core.package_identification:_identify(sam-cpu-lidar-branch) by extensions ['ros']
[0.076s] Level 1:colcon.colcon_core.package_identification:_identify(sam-cpu-lidar-branch) by extension 'ros'
[0.076s] Level 1:colcon.colcon_core.package_identification:_identify(sam-cpu-lidar-branch) by extensions ['cmake', 'python']
[0.076s] Level 1:colcon.colcon_core.package_identification:_identify(sam-cpu-lidar-branch) by extension 'cmake'
[0.076s] Level 1:colcon.colcon_core.package_identification:_identify(sam-cpu-lidar-branch) by extension 'python'
[0.076s] Level 1:colcon.colcon_core.package_identification:_identify(sam-cpu-lidar-branch) by extensions ['python_setup_py']
[0.076s] Level 1:colcon.colcon_core.package_identification:_identify(sam-cpu-lidar-branch) by extension 'python_setup_py'
[0.077s] Level 1:colcon.colcon_core.package_identification:_identify(sam-cpu-lidar-branch/roboboat-lidar) by extensions ['ignore', 'ignore_ament_install']
[0.077s] Level 1:colcon.colcon_core.package_identification:_identify(sam-cpu-lidar-branch/roboboat-lidar) by extension 'ignore'
[0.077s] Level 1:colcon.colcon_core.package_identification:_identify(sam-cpu-lidar-branch/roboboat-lidar) by extension 'ignore_ament_install'
[0.077s] Level 1:colcon.colcon_core.package_identification:_identify(sam-cpu-lidar-branch/roboboat-lidar) by extensions ['colcon_pkg']
[0.077s] Level 1:colcon.colcon_core.package_identification:_identify(sam-cpu-lidar-branch/roboboat-lidar) by extension 'colcon_pkg'
[0.077s] Level 1:colcon.colcon_core.package_identification:_identify(sam-cpu-lidar-branch/roboboat-lidar) by extensions ['colcon_meta']
[0.077s] Level 1:colcon.colcon_core.package_identification:_identify(sam-cpu-lidar-branch/roboboat-lidar) by extension 'colcon_meta'
[0.077s] Level 1:colcon.colcon_core.package_identification:_identify(sam-cpu-lidar-branch/roboboat-lidar) by extensions ['ros']
[0.077s] Level 1:colcon.colcon_core.package_identification:_identify(sam-cpu-lidar-branch/roboboat-lidar) by extension 'ros'
[0.077s] Level 1:colcon.colcon_core.package_identification:_identify(sam-cpu-lidar-branch/roboboat-lidar) by extensions ['cmake', 'python']
[0.077s] Level 1:colcon.colcon_core.package_identification:_identify(sam-cpu-lidar-branch/roboboat-lidar) by extension 'cmake'
[0.077s] Level 1:colcon.colcon_core.package_identification:_identify(sam-cpu-lidar-branch/roboboat-lidar) by extension 'python'
[0.077s] Level 1:colcon.colcon_core.package_identification:_identify(sam-cpu-lidar-branch/roboboat-lidar) by extensions ['python_setup_py']
[0.077s] Level 1:colcon.colcon_core.package_identification:_identify(sam-cpu-lidar-branch/roboboat-lidar) by extension 'python_setup_py'
[0.077s] Level 1:colcon.colcon_core.package_identification:_identify(src) by extensions ['ignore', 'ignore_ament_install']
[0.077s] Level 1:colcon.colcon_core.package_identification:_identify(src) by extension 'ignore'
[0.077s] Level 1:colcon.colcon_core.package_identification:_identify(src) by extension 'ignore_ament_install'
[0.077s] Level 1:colcon.colcon_core.package_identification:_identify(src) by extensions ['colcon_pkg']
[0.077s] Level 1:colcon.colcon_core.package_identification:_identify(src) by extension 'colcon_pkg'
[0.077s] Level 1:colcon.colcon_core.package_identification:_identify(src) by extensions ['colcon_meta']
[0.077s] Level 1:colcon.colcon_core.package_identification:_identify(src) by extension 'colcon_meta'
[0.077s] Level 1:colcon.colcon_core.package_identification:_identify(src) by extensions ['ros']
[0.077s] Level 1:colcon.colcon_core.package_identification:_identify(src) by extension 'ros'
[0.077s] Level 1:colcon.colcon_core.package_identification:_identify(src) by extensions ['cmake', 'python']
[0.077s] Level 1:colcon.colcon_core.package_identification:_identify(src) by extension 'cmake'
[0.077s] Level 1:colcon.colcon_core.package_identification:_identify(src) by extension 'python'
[0.077s] Level 1:colcon.colcon_core.package_identification:_identify(src) by extensions ['python_setup_py']
[0.077s] Level 1:colcon.colcon_core.package_identification:_identify(src) by extension 'python_setup_py'
[0.077s] Level 1:colcon.colcon_core.package_identification:_identify(src/lidar_csv_logger) by extensions ['ignore', 'ignore_ament_install']
[0.077s] Level 1:colcon.colcon_core.package_identification:_identify(src/lidar_csv_logger) by extension 'ignore'
[0.077s] Level 1:colcon.colcon_core.package_identification:_identify(src/lidar_csv_logger) by extension 'ignore_ament_install'
[0.077s] Level 1:colcon.colcon_core.package_identification:_identify(src/lidar_csv_logger) by extensions ['colcon_pkg']
[0.077s] Level 1:colcon.colcon_core.package_identification:_identify(src/lidar_csv_logger) by extension 'colcon_pkg'
[0.077s] Level 1:colcon.colcon_core.package_identification:_identify(src/lidar_csv_logger) by extensions ['colcon_meta']
[0.077s] Level 1:colcon.colcon_core.package_identification:_identify(src/lidar_csv_logger) by extension 'colcon_meta'
[0.077s] Level 1:colcon.colcon_core.package_identification:_identify(src/lidar_csv_logger) by extensions ['ros']
[0.077s] Level 1:colcon.colcon_core.package_identification:_identify(src/lidar_csv_logger) by extension 'ros'
[0.077s] DEBUG:colcon.colcon_core.package_identification:Package 'src/lidar_csv_logger' with type 'ros.ament_python' and name 'lidar_csv_logger'
[0.077s] Level 1:colcon.colcon_core.package_identification:_identify(src/localization_pkg) by extensions ['ignore', 'ignore_ament_install']
[0.077s] Level 1:colcon.colcon_core.package_identification:_identify(src/localization_pkg) by extension 'ignore'
[0.078s] Level 1:colcon.colcon_core.package_identification:_identify(src/localization_pkg) by extension 'ignore_ament_install'
[0.078s] Level 1:colcon.colcon_core.package_identification:_identify(src/localization_pkg) by extensions ['colcon_pkg']
[0.078s] Level 1:colcon.colcon_core.package_identification:_identify(src/localization_pkg) by extension 'colcon_pkg'
[0.078s] Level 1:colcon.colcon_core.package_identification:_identify(src/localization_pkg) by extensions ['colcon_meta']
[0.078s] Level 1:colcon.colcon_core.package_identification:_identify(src/localization_pkg) by extension 'colcon_meta'
[0.078s] Level 1:colcon.colcon_core.package_identification:_identify(src/localization_pkg) by extensions ['ros']
[0.078s] Level 1:colcon.colcon_core.package_identification:_identify(src/localization_pkg) by extension 'ros'
[0.078s] DEBUG:colcon.colcon_core.package_identification:Package 'src/localization_pkg' with type 'ros.ament_python' and name 'localization_pkg'
[0.078s] Level 1:colcon.colcon_core.package_identification:_identify(src/navigation_pkg) by extensions ['ignore', 'ignore_ament_install']
[0.078s] Level 1:colcon.colcon_core.package_identification:_identify(src/navigation_pkg) by extension 'ignore'
[0.078s] Level 1:colcon.colcon_core.package_identification:_identify(src/navigation_pkg) by extension 'ignore_ament_install'
[0.078s] Level 1:colcon.colcon_core.package_identification:_identify(src/navigation_pkg) by extensions ['colcon_pkg']
[0.078s] Level 1:colcon.colcon_core.package_identification:_identify(src/navigation_pkg) by extension 'colcon_pkg'
[0.078s] Level 1:colcon.colcon_core.package_identification:_identify(src/navigation_pkg) by extensions ['colcon_meta']
[0.078s] Level 1:colcon.colcon_core.package_identification:_identify(src/navigation_pkg) by extension 'colcon_meta'
[0.078s] Level 1:colcon.colcon_core.package_identification:_identify(src/navigation_pkg) by extensions ['ros']
[0.078s] Level 1:colcon.colcon_core.package_identification:_identify(src/navigation_pkg) by extension 'ros'
[0.079s] DEBUG:colcon.colcon_core.package_identification:Package 'src/navigation_pkg' with type 'ros.ament_python' and name 'navigation_pkg'
[0.079s] Level 1:colcon.colcon_core.package_discovery:discover_packages(recursive) using defaults
[0.079s] Level 1:colcon.colcon_core.package_discovery:discover_packages(ignore) discover
[0.079s] Level 1:colcon.colcon_core.package_discovery:discover_packages(ignore) using defaults
[0.079s] Level 1:colcon.colcon_core.package_discovery:discover_packages(path) discover
[0.079s] Level 1:colcon.colcon_core.package_discovery:discover_packages(path) using defaults
[0.087s] INFO:colcon.colcon_core.package_selection:Skipping not selected package 'lidar_csv_logger' in 'src/lidar_csv_logger'
[0.087s] INFO:colcon.colcon_core.package_selection:Skipping not selected package 'localization_pkg' in 'src/localization_pkg'
[0.087s] Level 1:colcon.colcon_core.package_discovery:discover_packages(prefix_path) check parameters
[0.087s] Level 1:colcon.colcon_core.package_discovery:discover_packages(prefix_path) discover
[0.088s] Level 1:colcon.colcon_core.package_discovery:discover_packages(prefix_path) using defaults
[0.088s] ERROR:colcon:colcon build: Duplicate package names not supported:
- navigation_pkg:
  - navigation_pkg
  - src/navigation_pkg
