[0.055s] Invoking command in '/home/sam/Documents/sam-roboboat/roboboat-lidar/roboboat-lidar/src/my_lidar_processor/build/my_lidar_processor': CMAKE_PREFIX_PATH=${CMAKE_PREFIX_PATH}:/home/sam/ros2_ws/install/my_py_pkg:/opt/ros/jazzy DEBUGINFOD_URLS=https://debuginfod.ubuntu.com /usr/bin/cmake /home/sam/Documents/sam-roboboat/roboboat-lidar/roboboat-lidar/src/my_lidar_processor -DCMAKE_INSTALL_PREFIX=/home/sam/Documents/sam-roboboat/roboboat-lidar/roboboat-lidar/src/my_lidar_processor/install/my_lidar_processor
[0.276s] -- The C compiler identification is GNU 13.3.0
[0.646s] -- The CXX compiler identification is GNU 13.3.0
[0.711s] -- Detecting C compiler ABI info
[1.251s] -- Detecting C compiler ABI info - done
[1.264s] -- Check for working C compiler: /usr/bin/cc - skipped
[1.264s] -- Detecting C compile features
[1.265s] -- Detecting C compile features - done
[1.325s] -- Detecting CXX compiler ABI info
[1.545s] -- Detecting CXX compiler ABI info - done
[1.556s] -- Check for working CXX compiler: /usr/bin/c++ - skipped
[1.556s] -- Detecting CXX compile features
[1.556s] -- Detecting CXX compile features - done
[1.563s] -- Found ament_cmake: 2.5.4 (/opt/ros/jazzy/share/ament_cmake/cmake)
[1.896s] -- Found Python3: /usr/bin/python3 (found version "3.12.3") found components: Interpreter 
[2.084s] -- Found rclcpp: 28.1.11 (/opt/ros/jazzy/share/rclcpp/cmake)
[2.152s] -- Found rosidl_generator_c: 4.6.6 (/opt/ros/jazzy/share/rosidl_generator_c/cmake)
[2.172s] -- Found rosidl_generator_cpp: 4.6.6 (/opt/ros/jazzy/share/rosidl_generator_cpp/cmake)
[2.197s] -- Using all available rosidl_typesupport_c: rosidl_typesupport_fastrtps_c;rosidl_typesupport_introspection_c
[2.243s] -- Using all available rosidl_typesupport_cpp: rosidl_typesupport_fastrtps_cpp;rosidl_typesupport_introspection_cpp
[2.349s] -- Found rmw_implementation_cmake: 7.3.2 (/opt/ros/jazzy/share/rmw_implementation_cmake/cmake)
[2.352s] -- Found rmw_fastrtps_cpp: 8.4.3 (/opt/ros/jazzy/share/rmw_fastrtps_cpp/cmake)
[2.560s] -- Found OpenSSL: /usr/lib/x86_64-linux-gnu/libcrypto.so (found version "3.0.13")  
[2.588s] -- Found FastRTPS: /opt/ros/jazzy/include (Required is at least version "2.13") 
[2.646s] -- Using RMW implementation 'rmw_fastrtps_cpp' as default
[2.785s] -- Found sensor_msgs: 5.3.6 (/opt/ros/jazzy/share/sensor_msgs/cmake)
[2.878s] -- Found pcl_conversions: 2.6.2 (/opt/ros/jazzy/share/pcl_conversions/cmake)
[3.024s] -- Found flann version 1.9.2
[3.025s] [33mCMake Warning (dev) at /usr/lib/x86_64-linux-gnu/cmake/pcl/Modules/FindFLANN.cmake:45 (find_package):
[3.025s]   Policy CMP0144 is not set: find_package uses upper-case <PACKAGENAME>_ROOT
[3.025s]   variables.  Run "cmake --help-policy CMP0144" for policy details.  Use the
[3.025s]   cmake_policy command to set the policy and suppress this warning.
[3.026s] 
[3.026s]   CMake variable FLANN_ROOT is set to:
[3.028s] 
[3.028s]     /usr
[3.028s] 
[3.028s]   For compatibility, find_package is ignoring the variable, but code in a
[3.028s]   .cmake module might still use it.
[3.028s] Call Stack (most recent call first):
[3.028s]   /usr/lib/x86_64-linux-gnu/cmake/pcl/PCLConfig.cmake:261 (find_package)
[3.028s]   /usr/lib/x86_64-linux-gnu/cmake/pcl/PCLConfig.cmake:306 (find_flann)
[3.028s]   /usr/lib/x86_64-linux-gnu/cmake/pcl/PCLConfig.cmake:570 (find_external_library)
[3.028s]   /opt/ros/jazzy/share/pcl_conversions/cmake/ament_cmake_export_dependencies-extras.cmake:21 (find_package)
[3.028s]   /opt/ros/jazzy/share/pcl_conversions/cmake/pcl_conversionsConfig.cmake:41 (include)
[3.029s]   CMakeLists.txt:12 (find_package)
[3.029s] This warning is for project developers.  Use -Wno-dev to suppress it.
[3.029s] [0m
[3.719s] -- Found OpenMP_CXX: -fopenmp (found version "4.5") 
[3.719s] -- Found OpenMP: TRUE (found version "4.5") found components: CXX 
[8.128s] -- Checking for module 'libusb-1.0'
[8.158s] --   Found libusb-1.0, version 1.0.27
[8.244s] -- Found libusb: /usr/lib/x86_64-linux-gnu/libusb-1.0.so  
[8.247s] -- OpenNI found (version: 1.5.4.0, include: /usr/include/ni, lib: /usr/lib/libOpenNI.so;libusb::libusb)
[8.367s] -- OpenNI2 found (version: 2.2.0.33, include: /usr/include/openni2, lib: /usr/lib/x86_64-linux-gnu/libOpenNI2.so;libusb::libusb)
[8.372s] -- Could NOT find Pcap (missing: PCAP_LIBRARIES PCAP_INCLUDE_DIRS) 
[8.387s] -- Found ZLIB: /usr/lib/x86_64-linux-gnu/libz.so (found version "1.3")  
[8.411s] -- Found PNG: /usr/lib/x86_64-linux-gnu/libpng.so (found version "1.6.43") 
[9.210s] -- OpenNI found (version: 1.5.4.0, include: /usr/include/ni, lib: /usr/lib/libOpenNI.so;libusb::libusb)
[9.249s] -- OpenNI2 found (version: 2.2.0.33, include: /usr/include/openni2, lib: /usr/lib/x86_64-linux-gnu/libOpenNI2.so;libusb::libusb)
[9.936s] -- Found Qhull version 8.0.2
[10.644s] -- OpenNI found (version: 1.5.4.0, include: /usr/include/ni, lib: /usr/lib/libOpenNI.so;libusb::libusb)
[11.460s] -- Found PCL_COMMON: /usr/lib/x86_64-linux-gnu/libpcl_common.so  
[11.461s] -- Found PCL_KDTREE: /usr/lib/x86_64-linux-gnu/libpcl_kdtree.so  
[11.463s] -- Found PCL_OCTREE: /usr/lib/x86_64-linux-gnu/libpcl_octree.so  
[11.465s] -- Found PCL_SEARCH: /usr/lib/x86_64-linux-gnu/libpcl_search.so  
[11.466s] -- Found PCL_SAMPLE_CONSENSUS: /usr/lib/x86_64-linux-gnu/libpcl_sample_consensus.so  
[11.468s] -- Found PCL_FILTERS: /usr/lib/x86_64-linux-gnu/libpcl_filters.so  
[11.469s] -- Found PCL_2D: /usr/include/pcl-1.14  
[11.470s] -- Found PCL_GEOMETRY: /usr/include/pcl-1.14  
[11.471s] -- Found PCL_IO: /usr/lib/x86_64-linux-gnu/libpcl_io.so  
[11.476s] -- Found PCL_FEATURES: /usr/lib/x86_64-linux-gnu/libpcl_features.so  
[11.480s] -- Found PCL_ML: /usr/lib/x86_64-linux-gnu/libpcl_ml.so  
[11.484s] -- Found PCL_SEGMENTATION: /usr/lib/x86_64-linux-gnu/libpcl_segmentation.so  
[11.489s] -- Found PCL_VISUALIZATION: /usr/lib/x86_64-linux-gnu/libpcl_visualization.so  
[11.492s] -- Found PCL_SURFACE: /usr/lib/x86_64-linux-gnu/libpcl_surface.so  
[11.493s] -- Found PCL_REGISTRATION: /usr/lib/x86_64-linux-gnu/libpcl_registration.so  
[11.494s] -- Found PCL_KEYPOINTS: /usr/lib/x86_64-linux-gnu/libpcl_keypoints.so  
[11.497s] -- Found PCL_TRACKING: /usr/lib/x86_64-linux-gnu/libpcl_tracking.so  
[11.500s] -- Found PCL_RECOGNITION: /usr/lib/x86_64-linux-gnu/libpcl_recognition.so  
[11.502s] -- Found PCL_STEREO: /usr/lib/x86_64-linux-gnu/libpcl_stereo.so  
[11.504s] -- Found PCL_APPS: /usr/lib/x86_64-linux-gnu/libpcl_apps.so  
[11.505s] -- Found PCL_IN_HAND_SCANNER: /usr/include/pcl-1.14  
[11.506s] -- Found PCL_MODELER: /usr/include/pcl-1.14  
[11.506s] -- Found PCL_POINT_CLOUD_EDITOR: /usr/include/pcl-1.14  
[11.508s] -- Found PCL_OUTOFCORE: /usr/lib/x86_64-linux-gnu/libpcl_outofcore.so  
[11.509s] -- Found PCL_PEOPLE: /usr/lib/x86_64-linux-gnu/libpcl_people.so  
[11.515s] [33mCMake Warning (dev) at CMakeLists.txt:13 (find_package):
[11.515s]   Policy CMP0074 is not set: find_package uses <PackageName>_ROOT variables.
[11.515s]   Run "cmake --help-policy CMP0074" for policy details.  Use the cmake_policy
[11.515s]   command to set the policy and suppress this warning.
[11.515s] 
[11.515s]   CMake variable PCL_ROOT is set to:
[11.515s] 
[11.515s]     /usr
[11.515s] 
[11.515s]   For compatibility, CMake is ignoring the variable.
[11.515s] This warning is for project developers.  Use -Wno-dev to suppress it.
[11.515s] [0m
[11.744s] -- Configuring done (11.7s)
[11.764s] [31mCMake Error at CMakeLists.txt:17 (add_executable):
[11.764s]   Cannot find source file:
[11.764s] 
[11.765s]     src/pcd_publisher.cpp
[11.765s] 
[11.765s]   Tried extensions .c .C .c++ .cc .cpp .cxx .cu .mpp .m .M .mm .ixx .cppm
[11.765s]   .ccm .cxxm .c++m .h .hh .h++ .hm .hpp .hxx .in .txx .f .F .for .f77 .f90
[11.765s]   .f95 .f03 .hip .ispc
[11.765s] 
[11.765s] [0m
[11.772s] [31mCMake Error at CMakeLists.txt:17 (add_executable):
[11.772s]   No SOURCES given to target: pcd_publisher
[11.772s] 
[11.772s] [0m
[11.772s] [0mCMake Generate step failed.  Build files cannot be regenerated correctly.[0m
[11.809s] Invoked command in '/home/sam/Documents/sam-roboboat/roboboat-lidar/roboboat-lidar/src/my_lidar_processor/build/my_lidar_processor' returned '1': CMAKE_PREFIX_PATH=${CMAKE_PREFIX_PATH}:/home/sam/ros2_ws/install/my_py_pkg:/opt/ros/jazzy DEBUGINFOD_URLS=https://debuginfod.ubuntu.com /usr/bin/cmake /home/sam/Documents/sam-roboboat/roboboat-lidar/roboboat-lidar/src/my_lidar_processor -DCMAKE_INSTALL_PREFIX=/home/sam/Documents/sam-roboboat/roboboat-lidar/roboboat-lidar/src/my_lidar_processor/install/my_lidar_processor
