[0.007s] Invoking command in '/home/phoenixautonomy/ros2_ws/sam-cpu-lidar-branch/roboboat-lidar/build/my_lidar_processor': CMAKE_PREFIX_PATH=${CMAKE_PREFIX_PATH}:/opt/ros/jazzy DEBUGINFOD_URLS=https://debuginfod.ubuntu.com /usr/bin/cmake /home/phoenixautonomy/ros2_ws/sam-cpu-lidar-branch/roboboat-lidar/src/my_lidar_processor -DCMAKE_INSTALL_PREFIX=/home/phoenixautonomy/ros2_ws/sam-cpu-lidar-branch/roboboat-lidar/install/my_lidar_processor
[0.168s] -- The C compiler identification is GNU 13.3.0
[0.268s] -- The CXX compiler identification is GNU 13.3.0
[0.284s] -- Detecting C compiler ABI info
[0.449s] -- Detecting C compiler ABI info - done
[0.464s] -- Check for working C compiler: /usr/bin/cc - skipped
[0.465s] -- Detecting C compile features
[0.465s] -- Detecting C compile features - done
[0.477s] -- Detecting CXX compiler ABI info
[0.636s] -- Detecting CXX compiler ABI info - done
[0.642s] -- Check for working CXX compiler: /usr/bin/c++ - skipped
[0.642s] -- Detecting CXX compile features
[0.642s] -- Detecting CXX compile features - done
[0.647s] -- Found ament_cmake: 2.5.4 (/opt/ros/jazzy/share/ament_cmake/cmake)
[0.736s] -- Found Python3: /usr/bin/python3 (found version "3.12.3") found components: Interpreter 
[0.812s] -- Found rclcpp: 28.1.12 (/opt/ros/jazzy/share/rclcpp/cmake)
[0.850s] -- Found rosidl_generator_c: 4.6.6 (/opt/ros/jazzy/share/rosidl_generator_c/cmake)
[0.859s] -- Found rosidl_generator_cpp: 4.6.6 (/opt/ros/jazzy/share/rosidl_generator_cpp/cmake)
[0.871s] -- Using all available rosidl_typesupport_c: rosidl_typesupport_fastrtps_c;rosidl_typesupport_introspection_c
[0.884s] -- Using all available rosidl_typesupport_cpp: rosidl_typesupport_fastrtps_cpp;rosidl_typesupport_introspection_cpp
[0.939s] -- Found rmw_implementation_cmake: 7.3.2 (/opt/ros/jazzy/share/rmw_implementation_cmake/cmake)
[0.941s] -- Found rmw_fastrtps_cpp: 8.4.3 (/opt/ros/jazzy/share/rmw_fastrtps_cpp/cmake)
[1.062s] -- Found OpenSSL: /usr/lib/x86_64-linux-gnu/libcrypto.so (found version "3.0.13")  
[1.088s] -- Found FastRTPS: /opt/ros/jazzy/include (Required is at least version "2.13") 
[1.104s] -- Using RMW implementation 'rmw_fastrtps_cpp' as default
[1.155s] -- Found sensor_msgs: 5.3.6 (/opt/ros/jazzy/share/sensor_msgs/cmake)
[1.195s] -- Found pcl_conversions: 2.6.2 (/opt/ros/jazzy/share/pcl_conversions/cmake)
[1.249s] [33mCMake Warning (dev) at /usr/lib/x86_64-linux-gnu/cmake/pcl/Modules/FindFLANN.cmake:45 (find_package):
[1.249s]   Policy CMP0144 is not set: find_package uses upper-case <PACKAGENAME>_ROOT
[1.249s]   variables.  Run "cmake --help-policy CMP0144" for policy details.  Use the
[1.249s]   cmake_policy command to set the policy and suppress this warning.
[1.249s] 
[1.249s]   CMake variable FLANN_ROOT is set to:
[1.249s] 
[1.249s]     /usr
[1.249s] 
[1.249s]   For compatibility, find_package is ignoring the variable, but code in a
[1.249s]   .cmake module might still use it.
[1.249s] Call Stack (most recent call first):
[1.249s]   /usr/lib/x86_64-linux-gnu/cmake/pcl/PCLConfig.cmake:261 (find_package)
[1.249s]   /usr/lib/x86_64-linux-gnu/cmake/pcl/PCLConfig.cmake:306 (find_flann)
[1.249s]   /usr/lib/x86_64-linux-gnu/cmake/pcl/PCLConfig.cmake:570 (find_external_library)
[1.249s]   /opt/ros/jazzy/share/pcl_conversions/cmake/ament_cmake_export_dependencies-extras.cmake:21 (find_package)
[1.249s]   /opt/ros/jazzy/share/pcl_conversions/cmake/pcl_conversionsConfig.cmake:41 (include)
[1.249s]   CMakeLists.txt:12 (find_package)
[1.249s] This warning is for project developers.  Use -Wno-dev to suppress it.
[1.249s] [0m
[1.250s] -- Found flann version 1.9.2
[1.672s] -- Found OpenMP_CXX: -fopenmp (found version "4.5") 
[1.672s] -- Found OpenMP: TRUE (found version "4.5") found components: CXX 
[3.515s] -- Checking for module 'libusb-1.0'
[3.554s] --   Found libusb-1.0, version 1.0.27
[3.661s] -- Found libusb: /usr/lib/x86_64-linux-gnu/libusb-1.0.so  
[3.665s] -- OpenNI found (version: 1.5.4.0, include: /usr/include/ni, lib: /usr/lib/libOpenNI.so;libusb::libusb)
[3.832s] -- OpenNI2 found (version: 2.2.0.33, include: /usr/include/openni2, lib: /usr/lib/x86_64-linux-gnu/libOpenNI2.so;libusb::libusb)
[3.840s] -- Could NOT find Pcap (missing: PCAP_LIBRARIES PCAP_INCLUDE_DIRS) 
[3.850s] -- Found ZLIB: /usr/lib/x86_64-linux-gnu/libz.so (found version "1.3")  
[3.860s] -- Found PNG: /usr/lib/x86_64-linux-gnu/libpng.so (found version "1.6.43") 
[4.152s] -- OpenNI found (version: 1.5.4.0, include: /usr/include/ni, lib: /usr/lib/libOpenNI.so;libusb::libusb)
[4.156s] -- OpenNI2 found (version: 2.2.0.33, include: /usr/include/openni2, lib: /usr/lib/x86_64-linux-gnu/libOpenNI2.so;libusb::libusb)
[4.445s] -- Found Qhull version 8.0.2
[4.732s] -- OpenNI found (version: 1.5.4.0, include: /usr/include/ni, lib: /usr/lib/libOpenNI.so;libusb::libusb)
[5.009s] -- Found PCL_COMMON: /usr/lib/x86_64-linux-gnu/libpcl_common.so  
[5.009s] -- Found PCL_KDTREE: /usr/lib/x86_64-linux-gnu/libpcl_kdtree.so  
[5.010s] -- Found PCL_OCTREE: /usr/lib/x86_64-linux-gnu/libpcl_octree.so  
[5.011s] -- Found PCL_SEARCH: /usr/lib/x86_64-linux-gnu/libpcl_search.so  
[5.011s] -- Found PCL_SAMPLE_CONSENSUS: /usr/lib/x86_64-linux-gnu/libpcl_sample_consensus.so  
[5.012s] -- Found PCL_FILTERS: /usr/lib/x86_64-linux-gnu/libpcl_filters.so  
[5.012s] -- Found PCL_2D: /usr/include/pcl-1.14  
[5.012s] -- Found PCL_GEOMETRY: /usr/include/pcl-1.14  
[5.013s] -- Found PCL_IO: /usr/lib/x86_64-linux-gnu/libpcl_io.so  
[5.013s] -- Found PCL_FEATURES: /usr/lib/x86_64-linux-gnu/libpcl_features.so  
[5.014s] -- Found PCL_ML: /usr/lib/x86_64-linux-gnu/libpcl_ml.so  
[5.015s] -- Found PCL_SEGMENTATION: /usr/lib/x86_64-linux-gnu/libpcl_segmentation.so  
[5.015s] -- Found PCL_VISUALIZATION: /usr/lib/x86_64-linux-gnu/libpcl_visualization.so  
[5.016s] -- Found PCL_SURFACE: /usr/lib/x86_64-linux-gnu/libpcl_surface.so  
[5.017s] -- Found PCL_REGISTRATION: /usr/lib/x86_64-linux-gnu/libpcl_registration.so  
[5.017s] -- Found PCL_KEYPOINTS: /usr/lib/x86_64-linux-gnu/libpcl_keypoints.so  
[5.018s] -- Found PCL_TRACKING: /usr/lib/x86_64-linux-gnu/libpcl_tracking.so  
[5.019s] -- Found PCL_RECOGNITION: /usr/lib/x86_64-linux-gnu/libpcl_recognition.so  
[5.019s] -- Found PCL_STEREO: /usr/lib/x86_64-linux-gnu/libpcl_stereo.so  
[5.020s] -- Found PCL_APPS: /usr/lib/x86_64-linux-gnu/libpcl_apps.so  
[5.021s] -- Found PCL_IN_HAND_SCANNER: /usr/include/pcl-1.14  
[5.021s] -- Found PCL_MODELER: /usr/include/pcl-1.14  
[5.030s] -- Found PCL_POINT_CLOUD_EDITOR: /usr/include/pcl-1.14  
[5.031s] -- Found PCL_OUTOFCORE: /usr/lib/x86_64-linux-gnu/libpcl_outofcore.so  
[5.032s] -- Found PCL_PEOPLE: /usr/lib/x86_64-linux-gnu/libpcl_people.so  
[5.033s] [33mCMake Warning (dev) at CMakeLists.txt:13 (find_package):
[5.033s]   Policy CMP0074 is not set: find_package uses <PackageName>_ROOT variables.
[5.033s]   Run "cmake --help-policy CMP0074" for policy details.  Use the cmake_policy
[5.033s]   command to set the policy and suppress this warning.
[5.033s] 
[5.033s]   CMake variable PCL_ROOT is set to:
[5.033s] 
[5.033s]     /usr
[5.033s] 
[5.033s]   For compatibility, CMake is ignoring the variable.
[5.033s] This warning is for project developers.  Use -Wno-dev to suppress it.
[5.033s] [0m
[5.118s] -- Configuring done (5.1s)
[5.170s] -- Generating done (0.0s)
[5.174s] -- Build files have been written to: /home/phoenixautonomy/ros2_ws/sam-cpu-lidar-branch/roboboat-lidar/build/my_lidar_processor
[5.185s] Invoked command in '/home/phoenixautonomy/ros2_ws/sam-cpu-lidar-branch/roboboat-lidar/build/my_lidar_processor' returned '0': CMAKE_PREFIX_PATH=${CMAKE_PREFIX_PATH}:/opt/ros/jazzy DEBUGINFOD_URLS=https://debuginfod.ubuntu.com /usr/bin/cmake /home/phoenixautonomy/ros2_ws/sam-cpu-lidar-branch/roboboat-lidar/src/my_lidar_processor -DCMAKE_INSTALL_PREFIX=/home/phoenixautonomy/ros2_ws/sam-cpu-lidar-branch/roboboat-lidar/install/my_lidar_processor
[5.186s] Invoking command in '/home/phoenixautonomy/ros2_ws/sam-cpu-lidar-branch/roboboat-lidar/build/my_lidar_processor': CMAKE_PREFIX_PATH=${CMAKE_PREFIX_PATH}:/opt/ros/jazzy DEBUGINFOD_URLS=https://debuginfod.ubuntu.com /usr/bin/cmake --build /home/phoenixautonomy/ros2_ws/sam-cpu-lidar-branch/roboboat-lidar/build/my_lidar_processor -- -j24 -l24
[5.257s] [ 25%] [32mBuilding CXX object CMakeFiles/lidar_processor_3d_node.dir/src/lidar_processor_3d_node.cpp.o[0m
[5.259s] [ 50%] [32mBuilding CXX object CMakeFiles/pcd_publisher.dir/src/pcd_publisher.cpp.o[0m
[9.034s] [ 75%] [32m[1mLinking CXX executable pcd_publisher[0m
[9.445s] [ 75%] Built target pcd_publisher
[11.087s] [100%] [32m[1mLinking CXX executable lidar_processor_3d_node[0m
[11.726s] [100%] Built target lidar_processor_3d_node
[11.736s] Invoked command in '/home/phoenixautonomy/ros2_ws/sam-cpu-lidar-branch/roboboat-lidar/build/my_lidar_processor' returned '0': CMAKE_PREFIX_PATH=${CMAKE_PREFIX_PATH}:/opt/ros/jazzy DEBUGINFOD_URLS=https://debuginfod.ubuntu.com /usr/bin/cmake --build /home/phoenixautonomy/ros2_ws/sam-cpu-lidar-branch/roboboat-lidar/build/my_lidar_processor -- -j24 -l24
[11.744s] Invoking command in '/home/phoenixautonomy/ros2_ws/sam-cpu-lidar-branch/roboboat-lidar/build/my_lidar_processor': CMAKE_PREFIX_PATH=${CMAKE_PREFIX_PATH}:/opt/ros/jazzy DEBUGINFOD_URLS=https://debuginfod.ubuntu.com /usr/bin/cmake --install /home/phoenixautonomy/ros2_ws/sam-cpu-lidar-branch/roboboat-lidar/build/my_lidar_processor
[11.753s] -- Install configuration: ""
[11.753s] -- Installing: /home/phoenixautonomy/ros2_ws/sam-cpu-lidar-branch/roboboat-lidar/install/my_lidar_processor/lib/my_lidar_processor/lidar_processor_3d_node
[11.757s] -- Set non-toolchain portion of runtime path of "/home/phoenixautonomy/ros2_ws/sam-cpu-lidar-branch/roboboat-lidar/install/my_lidar_processor/lib/my_lidar_processor/lidar_processor_3d_node" to ""
[11.758s] -- Installing: /home/phoenixautonomy/ros2_ws/sam-cpu-lidar-branch/roboboat-lidar/install/my_lidar_processor/lib/my_lidar_processor/pcd_publisher
[11.759s] -- Set non-toolchain portion of runtime path of "/home/phoenixautonomy/ros2_ws/sam-cpu-lidar-branch/roboboat-lidar/install/my_lidar_processor/lib/my_lidar_processor/pcd_publisher" to ""
[11.759s] -- Installing: /home/phoenixautonomy/ros2_ws/sam-cpu-lidar-branch/roboboat-lidar/install/my_lidar_processor/share/my_lidar_processor/launch
[11.759s] -- Installing: /home/phoenixautonomy/ros2_ws/sam-cpu-lidar-branch/roboboat-lidar/install/my_lidar_processor/share/my_lidar_processor/launch/start_processing_3d.launch.py
[11.759s] -- Installing: /home/phoenixautonomy/ros2_ws/sam-cpu-lidar-branch/roboboat-lidar/install/my_lidar_processor/share/my_lidar_processor/config
[11.759s] -- Installing: /home/phoenixautonomy/ros2_ws/sam-cpu-lidar-branch/roboboat-lidar/install/my_lidar_processor/share/my_lidar_processor/config/processor_params.yaml
[11.759s] -- Installing: /home/phoenixautonomy/ros2_ws/sam-cpu-lidar-branch/roboboat-lidar/install/my_lidar_processor/share/ament_index/resource_index/package_run_dependencies/my_lidar_processor
[11.759s] -- Installing: /home/phoenixautonomy/ros2_ws/sam-cpu-lidar-branch/roboboat-lidar/install/my_lidar_processor/share/ament_index/resource_index/parent_prefix_path/my_lidar_processor
[11.760s] -- Installing: /home/phoenixautonomy/ros2_ws/sam-cpu-lidar-branch/roboboat-lidar/install/my_lidar_processor/share/my_lidar_processor/environment/ament_prefix_path.sh
[11.760s] -- Installing: /home/phoenixautonomy/ros2_ws/sam-cpu-lidar-branch/roboboat-lidar/install/my_lidar_processor/share/my_lidar_processor/environment/ament_prefix_path.dsv
[11.760s] -- Installing: /home/phoenixautonomy/ros2_ws/sam-cpu-lidar-branch/roboboat-lidar/install/my_lidar_processor/share/my_lidar_processor/environment/path.sh
[11.760s] -- Installing: /home/phoenixautonomy/ros2_ws/sam-cpu-lidar-branch/roboboat-lidar/install/my_lidar_processor/share/my_lidar_processor/environment/path.dsv
[11.760s] -- Installing: /home/phoenixautonomy/ros2_ws/sam-cpu-lidar-branch/roboboat-lidar/install/my_lidar_processor/share/my_lidar_processor/local_setup.bash
[11.760s] -- Installing: /home/phoenixautonomy/ros2_ws/sam-cpu-lidar-branch/roboboat-lidar/install/my_lidar_processor/share/my_lidar_processor/local_setup.sh
[11.760s] -- Installing: /home/phoenixautonomy/ros2_ws/sam-cpu-lidar-branch/roboboat-lidar/install/my_lidar_processor/share/my_lidar_processor/local_setup.zsh
[11.760s] -- Installing: /home/phoenixautonomy/ros2_ws/sam-cpu-lidar-branch/roboboat-lidar/install/my_lidar_processor/share/my_lidar_processor/local_setup.dsv
[11.760s] -- Installing: /home/phoenixautonomy/ros2_ws/sam-cpu-lidar-branch/roboboat-lidar/install/my_lidar_processor/share/my_lidar_processor/package.dsv
[11.760s] -- Installing: /home/phoenixautonomy/ros2_ws/sam-cpu-lidar-branch/roboboat-lidar/install/my_lidar_processor/share/ament_index/resource_index/packages/my_lidar_processor
[11.760s] -- Installing: /home/phoenixautonomy/ros2_ws/sam-cpu-lidar-branch/roboboat-lidar/install/my_lidar_processor/share/my_lidar_processor/cmake/my_lidar_processorConfig.cmake
[11.760s] -- Installing: /home/phoenixautonomy/ros2_ws/sam-cpu-lidar-branch/roboboat-lidar/install/my_lidar_processor/share/my_lidar_processor/cmake/my_lidar_processorConfig-version.cmake
[11.760s] -- Installing: /home/phoenixautonomy/ros2_ws/sam-cpu-lidar-branch/roboboat-lidar/install/my_lidar_processor/share/my_lidar_processor/package.xml
[11.762s] Invoked command in '/home/phoenixautonomy/ros2_ws/sam-cpu-lidar-branch/roboboat-lidar/build/my_lidar_processor' returned '0': CMAKE_PREFIX_PATH=${CMAKE_PREFIX_PATH}:/opt/ros/jazzy DEBUGINFOD_URLS=https://debuginfod.ubuntu.com /usr/bin/cmake --install /home/phoenixautonomy/ros2_ws/sam-cpu-lidar-branch/roboboat-lidar/build/my_lidar_processor
