[0.138s] DEBUG:colcon:Command line arguments: ['/usr/bin/colcon', 'build', '--packages-select', 'my_lidar_processor']
[0.138s] DEBUG:colcon:Parsed command line arguments: Namespace(log_base=None, log_level=None, verb_name='build', build_base='build', install_base='install', merge_install=False, symlink_install=False, test_result_base=None, continue_on_error=False, executor='parallel', parallel_workers=8, event_handlers=None, ignore_user_meta=False, metas=['./colcon.meta'], base_paths=['.'], packages_ignore=None, packages_ignore_regex=None, paths=None, packages_up_to=None, packages_up_to_regex=None, packages_above=None, packages_above_and_dependencies=None, packages_above_depth=None, packages_select_by_dep=None, packages_skip_by_dep=None, packages_skip_up_to=None, packages_select_build_failed=False, packages_skip_build_finished=False, packages_select_test_failures=False, packages_skip_test_passed=False, packages_select=['my_lidar_processor'], packages_skip=None, packages_select_regex=None, packages_skip_regex=None, packages_start=None, packages_end=None, allow_overriding=[], cmake_args=None, cmake_target=None, cmake_target_skip_unavailable=False, cmake_clean_cache=False, cmake_clean_first=False, cmake_force_configure=False, ament_cmake_args=None, catkin_cmake_args=None, catkin_skip_building_tests=False, mixin_files=None, mixin=None, verb_parser=<colcon_mixin.mixin.mixin_argument.MixinArgumentDecorator object at 0x728f2d15fc80>, verb_extension=<colcon_core.verb.build.BuildVerb object at 0x728f2d23ecc0>, main=<bound method BuildVerb.main of <colcon_core.verb.build.BuildVerb object at 0x728f2d23ecc0>>, mixin_verb=('build',))
[0.188s] Level 1:colcon.colcon_core.package_discovery:discover_packages(colcon_meta) check parameters
[0.189s] Level 1:colcon.colcon_core.package_discovery:discover_packages(recursive) check parameters
[0.189s] Level 1:colcon.colcon_core.package_discovery:discover_packages(ignore) check parameters
[0.189s] Level 1:colcon.colcon_core.package_discovery:discover_packages(path) check parameters
[0.189s] Level 1:colcon.colcon_core.package_discovery:discover_packages(colcon_meta) discover
[0.189s] Level 1:colcon.colcon_core.package_discovery:discover_packages(recursive) discover
[0.189s] INFO:colcon.colcon_core.package_discovery:Crawling recursively for packages in '/home/sam/Documents/sam-roboboat/roboboat-lidar/roboboat-lidar/src/my_lidar_processor'
[0.189s] Level 1:colcon.colcon_core.package_identification:_identify(.) by extensions ['ignore', 'ignore_ament_install']
[0.189s] Level 1:colcon.colcon_core.package_identification:_identify(.) by extension 'ignore'
[0.189s] Level 1:colcon.colcon_core.package_identification:_identify(.) by extension 'ignore_ament_install'
[0.189s] Level 1:colcon.colcon_core.package_identification:_identify(.) by extensions ['colcon_pkg']
[0.189s] Level 1:colcon.colcon_core.package_identification:_identify(.) by extension 'colcon_pkg'
[0.189s] Level 1:colcon.colcon_core.package_identification:_identify(.) by extensions ['colcon_meta']
[0.189s] Level 1:colcon.colcon_core.package_identification:_identify(.) by extension 'colcon_meta'
[0.189s] Level 1:colcon.colcon_core.package_identification:_identify(.) by extensions ['ros']
[0.189s] Level 1:colcon.colcon_core.package_identification:_identify(.) by extension 'ros'
[0.215s] DEBUG:colcon.colcon_core.package_identification:Package '.' with type 'ros.ament_cmake' and name 'my_lidar_processor'
[0.215s] Level 1:colcon.colcon_core.package_discovery:discover_packages(recursive) using defaults
[0.215s] Level 1:colcon.colcon_core.package_discovery:discover_packages(ignore) discover
[0.215s] Level 1:colcon.colcon_core.package_discovery:discover_packages(ignore) using defaults
[0.215s] Level 1:colcon.colcon_core.package_discovery:discover_packages(path) discover
[0.215s] Level 1:colcon.colcon_core.package_discovery:discover_packages(path) using defaults
[0.231s] Level 1:colcon.colcon_core.package_discovery:discover_packages(prefix_path) check parameters
[0.231s] Level 1:colcon.colcon_core.package_discovery:discover_packages(prefix_path) discover
[0.233s] DEBUG:colcon.colcon_installed_package_information.package_discovery:Found 2 installed packages in /home/sam/ros2_ws/install
[0.234s] DEBUG:colcon.colcon_installed_package_information.package_discovery:Found 315 installed packages in /opt/ros/jazzy
[0.235s] Level 1:colcon.colcon_core.package_discovery:discover_packages(prefix_path) using defaults
[0.269s] Level 5:colcon.colcon_core.verb:set package 'my_lidar_processor' build argument 'cmake_args' from command line to 'None'
[0.269s] Level 5:colcon.colcon_core.verb:set package 'my_lidar_processor' build argument 'cmake_target' from command line to 'None'
[0.269s] Level 5:colcon.colcon_core.verb:set package 'my_lidar_processor' build argument 'cmake_target_skip_unavailable' from command line to 'False'
[0.269s] Level 5:colcon.colcon_core.verb:set package 'my_lidar_processor' build argument 'cmake_clean_cache' from command line to 'False'
[0.269s] Level 5:colcon.colcon_core.verb:set package 'my_lidar_processor' build argument 'cmake_clean_first' from command line to 'False'
[0.269s] Level 5:colcon.colcon_core.verb:set package 'my_lidar_processor' build argument 'cmake_force_configure' from command line to 'False'
[0.269s] Level 5:colcon.colcon_core.verb:set package 'my_lidar_processor' build argument 'ament_cmake_args' from command line to 'None'
[0.269s] Level 5:colcon.colcon_core.verb:set package 'my_lidar_processor' build argument 'catkin_cmake_args' from command line to 'None'
[0.269s] Level 5:colcon.colcon_core.verb:set package 'my_lidar_processor' build argument 'catkin_skip_building_tests' from command line to 'False'
[0.269s] DEBUG:colcon.colcon_core.verb:Building package 'my_lidar_processor' with the following arguments: {'ament_cmake_args': None, 'build_base': '/home/sam/Documents/sam-roboboat/roboboat-lidar/roboboat-lidar/src/my_lidar_processor/build/my_lidar_processor', 'catkin_cmake_args': None, 'catkin_skip_building_tests': False, 'cmake_args': None, 'cmake_clean_cache': False, 'cmake_clean_first': False, 'cmake_force_configure': False, 'cmake_target': None, 'cmake_target_skip_unavailable': False, 'install_base': '/home/sam/Documents/sam-roboboat/roboboat-lidar/roboboat-lidar/src/my_lidar_processor/install/my_lidar_processor', 'merge_install': False, 'path': '/home/sam/Documents/sam-roboboat/roboboat-lidar/roboboat-lidar/src/my_lidar_processor', 'symlink_install': False, 'test_result_base': None}
[0.269s] INFO:colcon.colcon_core.executor:Executing jobs using 'parallel' executor
[0.270s] DEBUG:colcon.colcon_parallel_executor.executor.parallel:run_until_complete
[0.271s] INFO:colcon.colcon_ros.task.ament_cmake.build:Building ROS package in '/home/sam/Documents/sam-roboboat/roboboat-lidar/roboboat-lidar/src/my_lidar_processor' with build type 'ament_cmake'
[0.271s] INFO:colcon.colcon_cmake.task.cmake.build:Building CMake package in '/home/sam/Documents/sam-roboboat/roboboat-lidar/roboboat-lidar/src/my_lidar_processor'
[0.275s] INFO:colcon.colcon_core.plugin_system:Skipping extension 'colcon_core.shell.bat': Not used on non-Windows systems
[0.275s] INFO:colcon.colcon_core.shell:Skip shell extension 'powershell' for command environment: Not usable outside of PowerShell
[0.275s] DEBUG:colcon.colcon_core.shell:Skip shell extension 'dsv' for command environment
[0.328s] DEBUG:colcon.colcon_core.event_handler.log_command:Invoking command in '/home/sam/Documents/sam-roboboat/roboboat-lidar/roboboat-lidar/src/my_lidar_processor/build/my_lidar_processor': CMAKE_PREFIX_PATH=${CMAKE_PREFIX_PATH}:/home/sam/ros2_ws/install/my_py_pkg:/opt/ros/jazzy DEBUGINFOD_URLS=https://debuginfod.ubuntu.com /usr/bin/cmake /home/sam/Documents/sam-roboboat/roboboat-lidar/roboboat-lidar/src/my_lidar_processor -DCMAKE_INSTALL_PREFIX=/home/sam/Documents/sam-roboboat/roboboat-lidar/roboboat-lidar/src/my_lidar_processor/install/my_lidar_processor
[12.082s] DEBUG:colcon.colcon_core.event_handler.log_command:Invoked command in '/home/sam/Documents/sam-roboboat/roboboat-lidar/roboboat-lidar/src/my_lidar_processor/build/my_lidar_processor' returned '1': CMAKE_PREFIX_PATH=${CMAKE_PREFIX_PATH}:/home/sam/ros2_ws/install/my_py_pkg:/opt/ros/jazzy DEBUGINFOD_URLS=https://debuginfod.ubuntu.com /usr/bin/cmake /home/sam/Documents/sam-roboboat/roboboat-lidar/roboboat-lidar/src/my_lidar_processor -DCMAKE_INSTALL_PREFIX=/home/sam/Documents/sam-roboboat/roboboat-lidar/roboboat-lidar/src/my_lidar_processor/install/my_lidar_processor
[12.117s] Level 1:colcon.colcon_core.environment:create_environment_scripts_only(my_lidar_processor)
[12.119s] Level 1:colcon.colcon_core.environment:checking '/home/sam/Documents/sam-roboboat/roboboat-lidar/roboboat-lidar/src/my_lidar_processor/install/my_lidar_processor' for CMake module files
[12.120s] Level 1:colcon.colcon_core.environment:checking '/home/sam/Documents/sam-roboboat/roboboat-lidar/roboboat-lidar/src/my_lidar_processor/install/my_lidar_processor' for CMake config files
[12.120s] Level 1:colcon.colcon_core.environment:checking '/home/sam/Documents/sam-roboboat/roboboat-lidar/roboboat-lidar/src/my_lidar_processor/install/my_lidar_processor/bin'
[12.120s] Level 1:colcon.colcon_core.environment:checking '/home/sam/Documents/sam-roboboat/roboboat-lidar/roboboat-lidar/src/my_lidar_processor/install/my_lidar_processor/lib/pkgconfig/my_lidar_processor.pc'
[12.121s] Level 1:colcon.colcon_core.environment:checking '/home/sam/Documents/sam-roboboat/roboboat-lidar/roboboat-lidar/src/my_lidar_processor/install/my_lidar_processor/lib/python3.12/site-packages'
[12.121s] Level 1:colcon.colcon_core.environment:checking '/home/sam/Documents/sam-roboboat/roboboat-lidar/roboboat-lidar/src/my_lidar_processor/install/my_lidar_processor/bin'
[12.121s] INFO:colcon.colcon_core.shell:Creating package script '/home/sam/Documents/sam-roboboat/roboboat-lidar/roboboat-lidar/src/my_lidar_processor/install/my_lidar_processor/share/my_lidar_processor/package.ps1'
[12.122s] INFO:colcon.colcon_core.shell:Creating package descriptor '/home/sam/Documents/sam-roboboat/roboboat-lidar/roboboat-lidar/src/my_lidar_processor/install/my_lidar_processor/share/my_lidar_processor/package.dsv'
[12.122s] INFO:colcon.colcon_core.shell:Creating package script '/home/sam/Documents/sam-roboboat/roboboat-lidar/roboboat-lidar/src/my_lidar_processor/install/my_lidar_processor/share/my_lidar_processor/package.sh'
[12.123s] INFO:colcon.colcon_core.shell:Creating package script '/home/sam/Documents/sam-roboboat/roboboat-lidar/roboboat-lidar/src/my_lidar_processor/install/my_lidar_processor/share/my_lidar_processor/package.bash'
[12.123s] INFO:colcon.colcon_core.shell:Creating package script '/home/sam/Documents/sam-roboboat/roboboat-lidar/roboboat-lidar/src/my_lidar_processor/install/my_lidar_processor/share/my_lidar_processor/package.zsh'
[12.123s] Level 1:colcon.colcon_core.environment:create_file_with_runtime_dependencies(/home/sam/Documents/sam-roboboat/roboboat-lidar/roboboat-lidar/src/my_lidar_processor/install/my_lidar_processor/share/colcon-core/packages/my_lidar_processor)
[12.124s] DEBUG:colcon.colcon_parallel_executor.executor.parallel:closing loop
[12.125s] DEBUG:colcon.colcon_parallel_executor.executor.parallel:loop closed
[12.125s] DEBUG:colcon.colcon_parallel_executor.executor.parallel:run_until_complete finished with '1'
[12.125s] DEBUG:colcon.colcon_core.event_reactor:joining thread
[12.135s] INFO:colcon.colcon_core.plugin_system:Skipping extension 'colcon_notification.desktop_notification.terminal_notifier': Not used on non-Darwin systems
[12.135s] INFO:colcon.colcon_core.plugin_system:Skipping extension 'colcon_notification.desktop_notification.win32': Not used on non-Windows systems
[12.135s] INFO:colcon.colcon_notification.desktop_notification:Sending desktop notification using 'notify2'
[12.214s] DEBUG:colcon.colcon_core.event_reactor:joined thread
[12.215s] INFO:colcon.colcon_core.shell:Creating prefix script '/home/sam/Documents/sam-roboboat/roboboat-lidar/roboboat-lidar/src/my_lidar_processor/install/local_setup.ps1'
[12.216s] INFO:colcon.colcon_core.shell:Creating prefix util module '/home/sam/Documents/sam-roboboat/roboboat-lidar/roboboat-lidar/src/my_lidar_processor/install/_local_setup_util_ps1.py'
[12.217s] INFO:colcon.colcon_core.shell:Creating prefix chain script '/home/sam/Documents/sam-roboboat/roboboat-lidar/roboboat-lidar/src/my_lidar_processor/install/setup.ps1'
[12.219s] INFO:colcon.colcon_core.shell:Creating prefix script '/home/sam/Documents/sam-roboboat/roboboat-lidar/roboboat-lidar/src/my_lidar_processor/install/local_setup.sh'
[12.219s] INFO:colcon.colcon_core.shell:Creating prefix util module '/home/sam/Documents/sam-roboboat/roboboat-lidar/roboboat-lidar/src/my_lidar_processor/install/_local_setup_util_sh.py'
[12.220s] INFO:colcon.colcon_core.shell:Creating prefix chain script '/home/sam/Documents/sam-roboboat/roboboat-lidar/roboboat-lidar/src/my_lidar_processor/install/setup.sh'
[12.221s] INFO:colcon.colcon_core.shell:Creating prefix script '/home/sam/Documents/sam-roboboat/roboboat-lidar/roboboat-lidar/src/my_lidar_processor/install/local_setup.bash'
[12.221s] INFO:colcon.colcon_core.shell:Creating prefix chain script '/home/sam/Documents/sam-roboboat/roboboat-lidar/roboboat-lidar/src/my_lidar_processor/install/setup.bash'
[12.222s] INFO:colcon.colcon_core.shell:Creating prefix script '/home/sam/Documents/sam-roboboat/roboboat-lidar/roboboat-lidar/src/my_lidar_processor/install/local_setup.zsh'
[12.222s] INFO:colcon.colcon_core.shell:Creating prefix chain script '/home/sam/Documents/sam-roboboat/roboboat-lidar/roboboat-lidar/src/my_lidar_processor/install/setup.zsh'
